----------------------------------------------------------------
2016-05-05 10:07:20.550 GMT:
 Booting Derby version The Apache Software Foundation - Apache Derby - 10.5.3.0 - (802917): instance a816c00e-0154-8062-d19a-00000cc74830
on database directory /Users/maheshacharya/tests/research/jackrabbit/jackrabbit/jackrabbit/version/db  

Database Class Loader started - derby.database.classpath=''
----------------------------------------------------------------
2016-05-05 10:07:20.953 GMT:
 Booting Derby version The Apache Software Foundation - Apache Derby - 10.5.3.0 - (802917): instance 888c4022-0154-8062-d19a-00000cc74830
on database directory /Users/maheshacharya/tests/research/jackrabbit/jackrabbit/jackrabbit/workspaces/default/db  

Database Class Loader started - derby.database.classpath=''
----------------------------------------------------------------
2016-05-05 10:07:21.297 GMT:
 Booting Derby version The Apache Software Foundation - Apache Derby - 10.5.3.0 - (802917): instance 6965c036-0154-8062-d19a-00000cc74830
on database directory /Users/maheshacharya/tests/research/jackrabbit/jackrabbit/jackrabbit/workspaces/security/db  

Database Class Loader started - derby.database.classpath=''

2016-05-05 10:07:21.530 GMT:
Shutting down instance 888c4022-0154-8062-d19a-00000cc74830
----------------------------------------------------------------

2016-05-05 10:07:21.537 GMT:
Shutting down instance 6965c036-0154-8062-d19a-00000cc74830
----------------------------------------------------------------

2016-05-05 10:07:21.541 GMT:
Shutting down instance a816c00e-0154-8062-d19a-00000cc74830
----------------------------------------------------------------
